 08-12-2025 15:51:38:501 [pid=927295 tid=927295] ERROR  0:140 unable to load,  liburcu-bp.so.6 

 08-12-2025 15:51:38:501 [pid=927295 tid=927295] ERROR  0:140 unable to load,  liburcu-bp.so.1 

 08-12-2025 15:51:38:501 [pid=927295 tid=927295] WARN   0:168 failed to open /proc/driver/nvidia-fs/devcount  error: No such file or directory
 08-12-2025 15:51:38:501 [pid=927295 tid=927295] NOTICE  cufio-drv:727 running in compatible mode
 08-12-2025 15:51:46:35 [pid=927295 tid=927295] ERROR  0:140 unable to load,  libnuma.so.1.0.0 

 08-12-2025 15:51:46:35 [pid=927295 tid=927295] ERROR  0:98 dlopen error libnuma.so.1.0.0: cannot open shared object file: No such file or directory
 08-12-2025 15:58:35:987 [pid=927941 tid=927941] ERROR  0:140 unable to load,  liburcu-bp.so.6 

 08-12-2025 15:58:35:987 [pid=927941 tid=927941] ERROR  0:140 unable to load,  liburcu-bp.so.1 

 08-12-2025 15:58:35:987 [pid=927941 tid=927941] WARN   0:168 failed to open /proc/driver/nvidia-fs/devcount  error: No such file or directory
 08-12-2025 15:58:35:987 [pid=927941 tid=927941] NOTICE  cufio-drv:727 running in compatible mode
 08-12-2025 15:58:43:545 [pid=927941 tid=927941] ERROR  0:140 unable to load,  libnuma.so.1.0.0 

 08-12-2025 15:58:43:545 [pid=927941 tid=927941] ERROR  0:98 dlopen error libnuma.so.1.0.0: cannot open shared object file: No such file or directory
 08-12-2025 16:11:12:791 [pid=928283 tid=928283] ERROR  0:140 unable to load,  liburcu-bp.so.6 

 08-12-2025 16:11:12:791 [pid=928283 tid=928283] ERROR  0:140 unable to load,  liburcu-bp.so.1 

 08-12-2025 16:11:12:791 [pid=928283 tid=928283] WARN   0:168 failed to open /proc/driver/nvidia-fs/devcount  error: No such file or directory
 08-12-2025 16:11:12:791 [pid=928283 tid=928283] NOTICE  cufio-drv:727 running in compatible mode
 08-12-2025 16:11:20:151 [pid=928283 tid=928283] ERROR  0:140 unable to load,  libnuma.so.1.0.0 

 08-12-2025 16:11:20:151 [pid=928283 tid=928283] ERROR  0:98 dlopen error libnuma.so.1.0.0: cannot open shared object file: No such file or directory
 08-12-2025 16:14:20:947 [pid=928501 tid=928501] ERROR  0:140 unable to load,  liburcu-bp.so.6 

 08-12-2025 16:14:20:947 [pid=928501 tid=928501] ERROR  0:140 unable to load,  liburcu-bp.so.1 

 08-12-2025 16:14:20:947 [pid=928501 tid=928501] WARN   0:168 failed to open /proc/driver/nvidia-fs/devcount  error: No such file or directory
 08-12-2025 16:14:20:947 [pid=928501 tid=928501] NOTICE  cufio-drv:727 running in compatible mode
 08-12-2025 16:14:28:418 [pid=928501 tid=928501] ERROR  0:140 unable to load,  libnuma.so.1.0.0 

 08-12-2025 16:14:28:418 [pid=928501 tid=928501] ERROR  0:98 dlopen error libnuma.so.1.0.0: cannot open shared object file: No such file or directory
